-------------------------------------------------------------------------------
Test set: org.ada.moneywip.MoneywipApplicationTests
-------------------------------------------------------------------------------
Tests run: 1, Failures: 0, Errors: 1, Skipped: 0, Time elapsed: 12.478 s <<< FAILURE! - in org.ada.moneywip.MoneywipApplicationTests
contextLoads  Time elapsed: 0.015 s  <<< ERROR!
java.lang.IllegalStateException: Failed to load ApplicationContext
Caused by: org.springframework.beans.factory.BeanCreationException: Error creating bean with name 'entityManagerFactory' defined in class path resource [org/springframework/boot/autoconfigure/orm/jpa/HibernateJpaConfiguration.class]: Invocation of init method failed; nested exception is org.hibernate.AnnotationException: Illegal attempt to map a non collection as a @OneToMany, @ManyToMany or @CollectionOfElements: org.ada.moneywip.entity.Objetivo.asignacionObjetivo
Caused by: org.hibernate.AnnotationException: Illegal attempt to map a non collection as a @OneToMany, @ManyToMany or @CollectionOfElements: org.ada.moneywip.entity.Objetivo.asignacionObjetivo

